<link rel="stylesheet" type="text/css" href="Connections/Shear/Finplate/log.css"/>

    <div  class="LOG INFO">
        <span class="DATE">Wed, 03 Aug 2016 18:50:15</span>
        <span class="LEVEL">INFO</span>
        <span class="MSG">: Overall finplate connection design is safe 
</span>
    </div>

    <div  class="LOG DEBUG">
        <span class="DATE">Wed, 03 Aug 2016 18:50:15</span>
        <span class="LEVEL">DEBUG</span>
        <span class="MSG"> :=========End Of design===========</span>
    </div>

    <div  class="LOG INFO">
        <span class="DATE">Wed, 03 Aug 2016 18:50:15</span>
        <span class="LEVEL">INFO</span>
        <span class="MSG">: Overall finplate connection design is safe 
</span>
    </div>

    <div  class="LOG DEBUG">
        <span class="DATE">Wed, 03 Aug 2016 18:50:15</span>
        <span class="LEVEL">DEBUG</span>
        <span class="MSG"> :=========End Of design===========</span>
    </div>
